<?xml version="1.0" encoding="UTF-8"?>
<testsuite name="at.michael1011.backpacks.UpdaterTest" tests="9" skipped="0" failures="0" errors="0" timestamp="2016-09-30T15:07:49" hostname="michael" time="5.61">
  <properties/>
  <testcase name="followRedirects" classname="at.michael1011.backpacks.UpdaterTest" time="1.308"/>
  <testcase name="sendConnectionError" classname="at.michael1011.backpacks.UpdaterTest" time="0.383"/>
  <testcase name="readableByteCount" classname="at.michael1011.backpacks.UpdaterTest" time="0.001"/>
  <testcase name="getMD5" classname="at.michael1011.backpacks.UpdaterTest" time="0.006"/>
  <testcase name="getJsonArray" classname="at.michael1011.backpacks.UpdaterTest" time="0.606"/>
  <testcase name="checkUpdates" classname="at.michael1011.backpacks.UpdaterTest" time="1.561"/>
  <testcase name="prepareMessages" classname="at.michael1011.backpacks.UpdaterTest" time="0.038"/>
  <testcase name="downloadFile" classname="at.michael1011.backpacks.UpdaterTest" time="1.705"/>
  <testcase name="checkForNewVersion" classname="at.michael1011.backpacks.UpdaterTest" time="0.0"/>
  <system-out><![CDATA[]]></system-out>
  <system-err><![CDATA[]]></system-err>
</testsuite>
