<?xml version="1.0" encoding="UTF-8"?>
<testsuite name="at.michael1011.backpacks.SQLTest" tests="1" skipped="0" failures="0" errors="0" timestamp="2016-09-30T15:07:55" hostname="michael" time="0.243">
  <properties/>
  <testcase name="testSQL" classname="at.michael1011.backpacks.SQLTest" time="0.243"/>
  <system-out><![CDATA[]]></system-out>
  <system-err><![CDATA[]]></system-err>
</testsuite>
