<?xml version="1.0" encoding="UTF-8"?>
<testsuite name="at.michael1011.backpacks.listeners.JoinTest" tests="1" skipped="0" failures="0" errors="0" timestamp="2016-08-22T16:40:02" hostname="michael" time="0.916">
  <properties/>
  <testcase name="join" classname="at.michael1011.backpacks.listeners.JoinTest" time="0.916"/>
  <system-out><![CDATA[]]></system-out>
  <system-err><![CDATA[]]></system-err>
</testsuite>
